::1 - - [01/Dec/2017:03:20:13 +0000] "POST /v1/api/user/signup HTTP/1.1" 401 35
::1 - - [01/Dec/2017:03:22:19 +0000] "POST /v1/api/user/signup HTTP/1.1" 200 273
::1 - - [01/Dec/2017:11:16:30 +0000] "POST /v1/api/user/signup HTTP/1.1" 500 2515
::1 - - [01/Dec/2017:11:17:25 +0000] "POST /v1/api/user/signup HTTP/1.1" 500 2515
::1 - - [01/Dec/2017:11:18:02 +0000] "POST /v1/api/user/signup HTTP/1.1" 500 2515
::1 - - [01/Dec/2017:11:18:18 +0000] "POST /v1/api/user/signup HTTP/1.1" 500 2515
::1 - - [01/Dec/2017:11:18:57 +0000] "POST /v1/api/user/signup HTTP/1.1" 500 2515
::1 - - [01/Dec/2017:11:19:18 +0000] "POST /v1/api/user/signup HTTP/1.1" 500 2529
::1 - - [01/Dec/2017:11:19:38 +0000] "POST /v1/api/user/signup HTTP/1.1" 500 2513
::1 - - [01/Dec/2017:11:21:00 +0000] "POST /v1/api/user/signup HTTP/1.1" 200 273
::1 - - [01/Dec/2017:11:22:14 +0000] "POST /v1/api/user/signup HTTP/1.1" - -
::1 - - [01/Dec/2017:11:25:08 +0000] "POST /v1/api/user/signup HTTP/1.1" - -
::1 - - [01/Dec/2017:11:25:13 +0000] "POST /v1/api/user/signup HTTP/1.1" - -
::1 - - [01/Dec/2017:11:25:56 +0000] "POST /v1/api/user/signup HTTP/1.1" 500 2464
::1 - - [01/Dec/2017:11:27:26 +0000] "POST /v1/api/user/signup HTTP/1.1" 500 2464
::1 - - [01/Dec/2017:11:29:28 +0000] "POST /v1/api/user/signup HTTP/1.1" 500 2545
::1 - - [01/Dec/2017:11:29:36 +0000] "POST /v1/api/user/signup HTTP/1.1" 500 2545
::1 - - [01/Dec/2017:11:29:47 +0000] "POST /v1/api/user/signup HTTP/1.1" 500 2464
::1 - - [01/Dec/2017:11:31:41 +0000] "POST /v1/api/user/signup HTTP/1.1" 500 2545
::1 - - [01/Dec/2017:11:35:08 +0000] "POST /v1/api/user/signup HTTP/1.1" - -
::1 - - [01/Dec/2017:11:35:10 +0000] "POST /v1/api/user/signup HTTP/1.1" 200 273
::1 - - [01/Dec/2017:11:35:40 +0000] "POST /v1/api/user/signup HTTP/1.1" 500 2515
::1 - - [01/Dec/2017:11:36:13 +0000] "POST /v1/api/user/signup HTTP/1.1" 500 2515
::1 - - [01/Dec/2017:11:36:27 +0000] "POST /v1/api/user/signup HTTP/1.1" 500 2515
::1 - - [01/Dec/2017:11:36:42 +0000] "POST /v1/api/user/signup HTTP/1.1" 500 2515
::1 - - [01/Dec/2017:11:39:41 +0000] "POST /v1/api/user/signup HTTP/1.1" 500 2515
::1 - - [01/Dec/2017:11:43:55 +0000] "POST /v1/api/user/signup HTTP/1.1" 200 273
::1 - - [01/Dec/2017:11:46:10 +0000] "POST /v1/api/user/signup HTTP/1.1" 500 2572
::1 - - [01/Dec/2017:11:46:25 +0000] "POST /v1/api/user/signup HTTP/1.1" 500 2685
::1 - - [01/Dec/2017:11:46:41 +0000] "POST /v1/api/user/signup HTTP/1.1" 500 2614
::1 - - [01/Dec/2017:11:46:57 +0000] "POST /v1/api/user/signup HTTP/1.1" 500 2685
::1 - - [01/Dec/2017:11:47:43 +0000] "POST /v1/api/user/signup HTTP/1.1" 500 2520
::1 - - [01/Dec/2017:11:47:55 +0000] "POST /v1/api/user/signup HTTP/1.1" 200 273
::1 - - [01/Dec/2017:13:10:25 +0000] "COPY /v1/api/user/signup HTTP/1.1" 404 38
::1 - - [01/Dec/2017:13:10:52 +0000] "COPY /v1/api/user/signup HTTP/1.1" 404 38
::1 - - [01/Dec/2017:13:19:37 +0000] "COPY /v1/api/user/signup HTTP/1.1" 404 38
::1 - - [01/Dec/2017:13:27:02 +0000] "COPY /v1/api/user/signup HTTP/1.1" 404 2166
::1 - - [01/Dec/2017:17:36:23 +0000] "POST /v1/api/user/signup HTTP/1.1" 500 2568
::1 - - [01/Dec/2017:18:31:22 +0000] "POST /v1/api/user/signup HTTP/1.1" 200 273
::1 - - [01/Dec/2017:18:33:37 +0000] "POST /v1/api/user/signup HTTP/1.1" - -
::1 - - [01/Dec/2017:18:33:38 +0000] "POST /v1/api/user/signup HTTP/1.1" 200 273
::1 - - [01/Dec/2017:18:39:23 +0000] "POST /v1/api/user/signup HTTP/1.1" - -
::1 - - [01/Dec/2017:18:40:50 +0000] "POST /v1/api/user/signup HTTP/1.1" 200 273
::1 - - [01/Dec/2017:18:42:23 +0000] "POST /v1/api/user/signup HTTP/1.1" - -
::1 - - [01/Dec/2017:18:42:47 +0000] "POST /v1/api/user/signup HTTP/1.1" - -
::1 - - [01/Dec/2017:18:43:47 +0000] "POST /v1/api/user/signup HTTP/1.1" 500 2610
::1 - - [01/Dec/2017:18:44:02 +0000] "POST /v1/api/user/signup HTTP/1.1" 500 2616
::1 - - [01/Dec/2017:18:44:58 +0000] "POST /v1/api/user/signup HTTP/1.1" 500 2610
::1 - - [01/Dec/2017:18:45:40 +0000] "POST /v1/api/user/signup HTTP/1.1" 500 2548
::1 - - [01/Dec/2017:18:46:51 +0000] "POST /v1/api/user/signup HTTP/1.1" 500 2548
::1 - - [01/Dec/2017:18:47:26 +0000] "POST /v1/api/user/signup HTTP/1.1" 500 2511
::1 - - [01/Dec/2017:18:48:05 +0000] "POST /v1/api/user/signup HTTP/1.1" 500 2515
::1 - - [01/Dec/2017:18:48:37 +0000] "POST /v1/api/user/signup HTTP/1.1" 500 2511
::1 - - [01/Dec/2017:18:48:57 +0000] "POST /v1/api/user/signup HTTP/1.1" 200 273
::1 - - [01/Dec/2017:18:49:19 +0000] "POST /v1/api/user/signup HTTP/1.1" 500 2616
::1 - - [01/Dec/2017:18:50:13 +0000] "POST /v1/api/user/signup HTTP/1.1" 400 193
::1 - - [01/Dec/2017:18:54:48 +0000] "POST /v1/api/user/signup HTTP/1.1" 400 154
::1 - - [01/Dec/2017:19:00:46 +0000] "POST /v1/api/user/signup HTTP/1.1" 400 193
::1 - - [01/Dec/2017:19:01:41 +0000] "POST /v1/api/user/signup HTTP/1.1" 400 154
::1 - - [01/Dec/2017:19:02:12 +0000] "POST /v1/api/user/signup HTTP/1.1" 200 273
::1 - - [01/Dec/2017:19:02:41 +0000] "POST /v1/api/user/signup HTTP/1.1" 200 269
::1 - - [01/Dec/2017:19:02:55 +0000] "POST /v1/api/user/signup HTTP/1.1" 400 183
::1 - - [01/Dec/2017:19:04:55 +0000] "POST /v1/api/user/signup HTTP/1.1" 400 195
::1 - - [01/Dec/2017:19:24:28 +0000] "POST /v1/api/user/signup HTTP/1.1" 400 133
::1 - - [01/Dec/2017:19:27:24 +0000] "POST /v1/api/user/signup HTTP/1.1" 400 112
::1 - - [01/Dec/2017:19:30:31 +0000] "POST /v1/api/user/signup HTTP/1.1" 200 273
::1 - - [01/Dec/2017:19:30:36 +0000] "PUT /v1/api/user/signup HTTP/1.1" 401 -
::1 - - [01/Dec/2017:19:30:58 +0000] "POST /v1/api/user/signup HTTP/1.1" 200 273
::1 - - [01/Dec/2017:19:31:19 +0000] "PUT /v1/api/user/signup HTTP/1.1" 400 167
::1 - - [01/Dec/2017:19:31:35 +0000] "PUT /v1/api/user/signup HTTP/1.1" 400 112
::1 - - [01/Dec/2017:19:31:52 +0000] "PUT /v1/api/user/signup HTTP/1.1" - -
::1 - - [01/Dec/2017:19:32:13 +0000] "PUT /v1/api/user/signup HTTP/1.1" - -
::1 - - [01/Dec/2017:19:33:12 +0000] "PUT /v1/api/user/5a21adf2502aee22e9114302 HTTP/1.1" - -
::1 - - [01/Dec/2017:19:36:03 +0000] "PUT /v1/api/user/5a21adf2502aee22e9114302 HTTP/1.1" - -
::1 - - [01/Dec/2017:19:36:45 +0000] "PUT /v1/api/user/5a21adf2502aee22e9114302 HTTP/1.1" - -
::1 - - [01/Dec/2017:19:38:06 +0000] "GET /v1/api/user/5a21adf2502aee22e9114302 HTTP/1.1" 401 -
::1 - - [01/Dec/2017:19:43:44 +0000] "POST /v1/api/user/signup HTTP/1.1" 400 158
::1 - - [01/Dec/2017:19:44:14 +0000] "POST /v1/api/user/signup HTTP/1.1" 200 273
::1 - - [01/Dec/2017:19:45:08 +0000] "POST /v1/api/user/signup HTTP/1.1" 200 273
::1 - - [01/Dec/2017:19:46:12 +0000] "PUT /v1/api/user/5a21b144192dde243b5556f8 HTTP/1.1" 400 137
::1 - - [01/Dec/2017:19:48:16 +0000] "PUT /v1/api/user/5a21b144192dde243b5556f8 HTTP/1.1" - -
::1 - - [01/Dec/2017:19:48:30 +0000] "PUT /v1/api/user/5a21b144192dde243b5556f8 HTTP/1.1" - -
::1 - - [01/Dec/2017:19:51:00 +0000] "PUT /v1/api/user/5a21b144192dde243b5556f8 HTTP/1.1" - -
::1 - - [01/Dec/2017:19:51:26 +0000] "PUT /v1/api/user/5a21b144192dde243b5556f8 HTTP/1.1" - -
::1 - - [01/Dec/2017:19:52:59 +0000] "PUT /v1/api/user/5a21b144192dde243b5556f8 HTTP/1.1" - -
::1 - - [01/Dec/2017:19:53:21 +0000] "PUT /v1/api/user/5a21b144192dde243b5556f8 HTTP/1.1" - -
::1 - - [01/Dec/2017:19:58:34 +0000] "PUT /v1/api/user/5a21b144192dde243b5556f8 HTTP/1.1" 200 237
::1 - - [01/Dec/2017:19:58:54 +0000] "PUT /v1/api/user/5a21b144192dde243b5556f8 HTTP/1.1" 200 237
::1 - - [01/Dec/2017:20:00:14 +0000] "PUT /v1/api/user/5a21b144192dde243b5556f8 HTTP/1.1" 401 35
::1 - - [01/Dec/2017:20:00:42 +0000] "POST /v1/api/user/signup HTTP/1.1" 200 273
::1 - - [01/Dec/2017:20:01:52 +0000] "PUT /v1/api/user/5a21b4eac91b78265ab6e57d HTTP/1.1" 200 237
::1 - - [01/Dec/2017:20:02:10 +0000] "PUT /v1/api/user/5a21b4eac91b78265ab6e57d HTTP/1.1" 401 35
::1 - - [01/Dec/2017:20:03:22 +0000] "POST /v1/api/user/signup HTTP/1.1" 200 273
::1 - - [01/Dec/2017:20:03:53 +0000] "PUT /v1/api/user/5a21b4eac91b78265ab6e57d HTTP/1.1" 200 237
::1 - - [01/Dec/2017:20:25:57 +0000] "POST /v1/api/user/signup HTTP/1.1" 200 273
::1 - - [01/Dec/2017:20:30:50 +0000] "PUT /v1/api/user/5a21bad5b9c0b627bf6ca112 HTTP/1.1" 404 38
::1 - - [01/Dec/2017:20:31:17 +0000] "PATCH /v1/api/user/5a21bad5b9c0b627bf6ca112 HTTP/1.1" 401 -
::1 - - [01/Dec/2017:20:32:00 +0000] "POST /v1/api/user/login HTTP/1.1" 200 45
::1 - - [01/Dec/2017:20:32:34 +0000] "POST /v1/api/user/login HTTP/1.1" 200 45
::1 - - [01/Dec/2017:20:35:56 +0000] "POST /v1/api/user/login HTTP/1.1" 200 45
::1 - - [01/Dec/2017:20:36:32 +0000] "POST /v1/api/user/login HTTP/1.1" 200 45
::1 - - [01/Dec/2017:20:38:15 +0000] "POST /v1/api/user/login HTTP/1.1" 200 45
::1 - - [01/Dec/2017:20:39:28 +0000] "POST /v1/api/user/signup HTTP/1.1" 200 273
::1 - - [01/Dec/2017:20:39:48 +0000] "POST /v1/api/user/login HTTP/1.1" 200 45
::1 - - [01/Dec/2017:20:40:50 +0000] "GET /v1/api/users HTTP/1.1" 200 271
::1 - - [01/Dec/2017:20:43:56 +0000] "POST /v1/api/user/login HTTP/1.1" 200 303
::1 - - [01/Dec/2017:20:45:15 +0000] "PATCH /v1/api/user/5a21be005a01c0290f048a44 HTTP/1.1" - -
::1 - - [01/Dec/2017:20:45:42 +0000] "PATCH /v1/api/user/5a21be005a01c0290f048a44 HTTP/1.1" - -
::1 - - [01/Dec/2017:20:49:32 +0000] "PATCH /v1/api/user/5a21be005a01c0290f048a44 HTTP/1.1" - -
::1 - - [01/Dec/2017:20:50:17 +0000] "PATCH /v1/api/user/5a21be005a01c0290f048a44 HTTP/1.1" - -
::1 - - [01/Dec/2017:20:51:11 +0000] "PATCH /v1/api/user/5a21be005a01c0290f048a44 HTTP/1.1" - -
::1 - - [01/Dec/2017:20:51:19 +0000] "PUT /v1/api/user/5a21be005a01c0290f048a44 HTTP/1.1" 404 38
::1 - - [01/Dec/2017:21:43:40 +0000] "GET /v1/api/user/5a21be005a01c0290f048a44 HTTP/1.1" 200 473
::1 - - [01/Dec/2017:22:45:28 +0000] "GET /v1/api/user/?search=name HTTP/1.1" 404 38
::1 - - [01/Dec/2017:22:48:28 +0000] "GET /v1/api/users/?search=name HTTP/1.1" 200 544
::1 - - [01/Dec/2017:22:50:21 +0000] "GET /v1/api/users/search/?name HTTP/1.1" 404 38
::1 - - [01/Dec/2017:22:50:41 +0000] "GET /v1/api/users/search/?name=hello HTTP/1.1" 404 38
::1 - - [01/Dec/2017:22:51:20 +0000] "GET /v1/api/users/search/?name=hello HTTP/1.1" 404 38
::1 - - [01/Dec/2017:22:52:32 +0000] "GET /v1/api/users HTTP/1.1" 200 654
::1 - - [01/Dec/2017:22:53:38 +0000] "GET /v1/api/users HTTP/1.1" 200 544
::1 - - [01/Dec/2017:22:57:10 +0000] "GET /v1/api/users/search/?name=hello HTTP/1.1" 404 38
::1 - - [01/Dec/2017:23:21:05 +0000] "GET /v1/api/users/search/?name=hello HTTP/1.1" 404 38
::1 - - [01/Dec/2017:23:23:07 +0000] "GET /v1/api/users HTTP/1.1" 200 544
::1 - - [01/Dec/2017:23:23:28 +0000] "GET /v1/api/users/?name=hello HTTP/1.1" 200 544
::1 - - [01/Dec/2017:23:24:16 +0000] "GET /v1/api/users/search/?name=hello HTTP/1.1" - -
::1 - - [01/Dec/2017:23:28:21 +0000] "GET /v1/api/users/search/?name=michael HTTP/1.1" - -
::1 - - [01/Dec/2017:23:32:30 +0000] "GET /v1/api/users/search/?name=michael HTTP/1.1" - -
::1 - - [01/Dec/2017:23:32:44 +0000] "GET /v1/api/users/search/?name=michael HTTP/1.1" 200 4
::1 - - [01/Dec/2017:23:33:40 +0000] "GET /v1/api/users/search/?name=michael HTTP/1.1" 200 473
::1 - - [01/Dec/2017:23:36:14 +0000] "GET /v1/api/users/search/?name=michael HTTP/1.1" 200 4
::1 - - [01/Dec/2017:23:36:27 +0000] "GET /v1/api/users/search/?name=michael HTTP/1.1" 200 4
::1 - - [01/Dec/2017:23:39:31 +0000] "GET /v1/api/users HTTP/1.1" 200 601
::1 - - [01/Dec/2017:23:40:31 +0000] "GET /v1/api/users/search/?name=michael HTTP/1.1" 200 4
::1 - - [01/Dec/2017:23:41:04 +0000] "GET /v1/api/users HTTP/1.1" 200 588
::1 - - [01/Dec/2017:23:41:10 +0000] "GET /v1/api/users/search/?name=michael HTTP/1.1" 200 4
::1 - - [01/Dec/2017:23:41:14 +0000] "GET /v1/api/users/search/?name=michael HTTP/1.1" 200 4
::1 - - [01/Dec/2017:23:41:47 +0000] "GET /v1/api/users/search/?name=michael HTTP/1.1" 200 495
::1 - - [01/Dec/2017:23:42:33 +0000] "GET /v1/api/users/search/?name=michael HTTP/1.1" 200 495
::1 - - [01/Dec/2017:23:43:04 +0000] "GET /v1/api/users/search/?name=michael HTTP/1.1" 200 4
::1 - - [01/Dec/2017:23:43:06 +0000] "GET /v1/api/users/search/?name=michael HTTP/1.1" 200 4
::1 - - [01/Dec/2017:23:43:09 +0000] "GET /v1/api/users/search/?name=michael HTTP/1.1" 200 4
::1 - - [01/Dec/2017:23:49:46 +0000] "GET /v1/api/users/search/?name=michael HTTP/1.1" 200 4
::1 - - [01/Dec/2017:23:49:52 +0000] "GET /v1/api/users/search/?name=Male HTTP/1.1" 200 495
::1 - - [02/Dec/2017:00:05:24 +0000] "GET /v1/api/users/search/?name=Male HTTP/1.1" 200 441
::1 - - [02/Dec/2017:00:06:11 +0000] "GET /v1/api/users/search/?name=Male HTTP/1.1" 200 495
::1 - - [02/Dec/2017:00:50:59 +0000] "GET /v1/api/users/search/?name=Male HTTP/1.1" 200 495
::1 - - [02/Dec/2017:01:23:18 +0000] "GET /v1/api/users/search/?name=Male HTTP/1.1" 200 4
::1 - - [02/Dec/2017:01:23:41 +0000] "GET /v1/api/users/search/?name=Male HTTP/1.1" 200 4
::1 - - [02/Dec/2017:01:25:14 +0000] "GET /v1/api/users/search/?name=Male HTTP/1.1" 200 4
::1 - - [02/Dec/2017:01:25:27 +0000] "GET /v1/api/users/search/?name=Male HTTP/1.1" 200 495
::1 - - [02/Dec/2017:01:25:40 +0000] "GET /v1/api/users/search/?name=male HTTP/1.1" 200 4
::1 - - [02/Dec/2017:01:26:33 +0000] "GET /v1/api/users/search/?name=male HTTP/1.1" 200 495
::1 - - [02/Dec/2017:01:29:12 +0000] "GET /v1/api/users/search/?name=male HTTP/1.1" 200 495
::1 - - [02/Dec/2017:01:35:29 +0000] "GET /v1/api/users/search/?name=male HTTP/1.1" 200 4
::1 - - [02/Dec/2017:01:43:10 +0000] "GET /v1/api/users/search/?name=male HTTP/1.1" 200 4
::1 - - [02/Dec/2017:01:52:01 +0000] "GET /v1/api/users/search/?name=male HTTP/1.1" 200 495
::1 - - [02/Dec/2017:01:57:39 +0000] "GET /v1/api/users/search/?name=male HTTP/1.1" 200 4
::1 - - [02/Dec/2017:01:57:40 +0000] "GET /v1/api/users/search/?name=male HTTP/1.1" 200 4
::1 - - [02/Dec/2017:01:59:24 +0000] "GET /v1/api/users/search/?name=male HTTP/1.1" 200 495
::ffff:127.0.0.1 - - [02/Dec/2017:01:59:58 +0000] "GET /v1/api/users/search/?name=male HTTP/1.1" 200 4
::ffff:127.0.0.1 - - [02/Dec/2017:01:59:59 +0000] "GET /v1/api/users/search/?name=male HTTP/1.1" 200 4
::1 - - [02/Dec/2017:02:00:15 +0000] "GET /v1/api/users/search/?name=male HTTP/1.1" 200 4
::1 - - [02/Dec/2017:02:00:17 +0000] "GET /v1/api/users/search/?name=male HTTP/1.1" 200 4
::1 - - [02/Dec/2017:02:08:54 +0000] "GET /v1/api/users/search/?name=mich HTTP/1.1" 200 4
::1 - - [02/Dec/2017:02:09:34 +0000] "GET /v1/api/users/search/?name=mich HTTP/1.1" 200 4
::1 - - [02/Dec/2017:02:09:37 +0000] "GET /v1/api/users/search/?name=mich HTTP/1.1" 200 4
::1 - - [02/Dec/2017:02:11:24 +0000] "GET /v1/api/users/search/?name=mich HTTP/1.1" 200 4
::1 - - [02/Dec/2017:02:15:25 +0000] "GET /v1/api/users/search/?name=mich HTTP/1.1" 200 4
::1 - - [02/Dec/2017:02:21:30 +0000] "GET /v1/api/users/search/?name=mich HTTP/1.1" - -
::1 - - [02/Dec/2017:02:24:34 +0000] "GET /v1/api/users/search/?name=mich HTTP/1.1" - -
::1 - - [02/Dec/2017:02:32:33 +0000] "GET /v1/api/users/search/?name=mich HTTP/1.1" - -
::1 - - [02/Dec/2017:02:34:01 +0000] "GET /v1/api/users/search/?name=mich HTTP/1.1" 200 495
::1 - - [02/Dec/2017:02:34:06 +0000] "GET /v1/api/users/search/?name=michael HTTP/1.1" 200 495
::1 - - [02/Dec/2017:02:34:12 +0000] "GET /v1/api/users/search/?name=m HTTP/1.1" 200 495
::1 - - [02/Dec/2017:02:34:19 +0000] "GET /v1/api/users/search/?name=t HTTP/1.1" 200 504
::1 - - [02/Dec/2017:02:34:25 +0000] "GET /v1/api/users/search/?name=a HTTP/1.1" 200 495
::1 - - [02/Dec/2017:02:34:44 +0000] "GET /v1/api/users/search/?name=ab HTTP/1.1" 200 504
::1 - - [02/Dec/2017:02:35:39 +0000] "GET /v1/api/users/search/?name=ab HTTP/1.1" 200 4
::1 - - [02/Dec/2017:02:38:37 +0000] "GET /v1/api/users/search/?name=ab HTTP/1.1" 200 4
::1 - - [02/Dec/2017:02:38:47 +0000] "GET /v1/api/users/search/?name=mic HTTP/1.1" 200 4
::1 - - [02/Dec/2017:02:44:22 +0000] "GET /v1/api/users/search/?name=mic HTTP/1.1" - -
::1 - - [02/Dec/2017:02:45:10 +0000] "GET /v1/api/users/search/?name=mic HTTP/1.1" 200 495
::1 - - [02/Dec/2017:02:45:19 +0000] "GET /v1/api/users/search/?name=MIC HTTP/1.1" 200 495
::1 - - [02/Dec/2017:02:47:33 +0000] "GET /v1/api/users/search/?name=MIC HTTP/1.1" 200 495
::1 - - [02/Dec/2017:02:47:41 +0000] "GET /v1/api/users/search/?name=a HTTP/1.1" 200 495
::1 - - [02/Dec/2017:02:47:55 +0000] "GET /v1/api/users/search/?name=ste HTTP/1.1" 200 4
::1 - - [02/Dec/2017:02:56:52 +0000] "POST /v1/api/user/signup HTTP/1.1" 400 180
::1 - - [02/Dec/2017:02:57:17 +0000] "POST /v1/api/user/signup HTTP/1.1" - -
::1 - - [02/Dec/2017:02:57:50 +0000] "POST /v1/api/user/signup HTTP/1.1" 400 157
::1 - - [02/Dec/2017:02:58:24 +0000] "POST /v1/api/user/signup HTTP/1.1" 400 157
::1 - - [02/Dec/2017:02:58:43 +0000] "POST /v1/api/user/signup HTTP/1.1" 200 247
::1 - - [02/Dec/2017:02:59:08 +0000] "POST /v1/api/user/signup HTTP/1.1" 400 180
::1 - - [02/Dec/2017:02:59:18 +0000] "POST /v1/api/user/signup HTTP/1.1" 200 248
::1 - - [02/Dec/2017:03:00:16 +0000] "POST /v1/api/user/signup HTTP/1.1" 200 252
::1 - - [02/Dec/2017:03:01:16 +0000] "POST /v1/api/user/signup HTTP/1.1" 400 237
::1 - - [02/Dec/2017:03:01:26 +0000] "POST /v1/api/user/signup HTTP/1.1" 200 249
::1 - - [02/Dec/2017:03:02:45 +0000] "GET /v1/api/users/search/?name=dav HTTP/1.1" 200 506
::1 - - [02/Dec/2017:03:03:02 +0000] "GET /v1/api/users/search/?name=davis HTTP/1.1" 200 506
::ffff:127.0.0.1 - - [02/Dec/2017:03:03:16 +0000] "GET /v1/api/users/search/?name=davis HTTP/1.1" 200 1533
::1 - - [02/Dec/2017:03:08:07 +0000] "GET /v1/api/users/search/?name=davis HTTP/1.1" 200 1533
::1 - - [02/Dec/2017:03:08:37 +0000] "GET /v1/api/users/search/?name=davis HTTP/1.1" 200 1533
::1 - - [02/Dec/2017:03:09:06 +0000] "GET /v1/api/users/search/?name=davis&limit= HTTP/1.1" 200 1533
::1 - - [02/Dec/2017:03:09:21 +0000] "GET /v1/api/users/search/?name=davis&limit=%22%22 HTTP/1.1" 200 1533
::1 - - [02/Dec/2017:03:09:46 +0000] "GET /v1/api/users/search/?name=davis&limit=2&skip=1 HTTP/1.1" 200 1533
::1 - - [02/Dec/2017:03:48:03 +0000] "GET /v1/api/users/search/?name=davis&limit=2&skip=1 HTTP/1.1" 200 1021
::1 - - [02/Dec/2017:03:48:11 +0000] "GET /v1/api/users/search/?name=davis HTTP/1.1" 200 1533
::1 - - [02/Dec/2017:03:50:10 +0000] "GET /v1/api/users/search/?name=davis&limit=2 HTTP/1.1" 200 1021
::1 - - [02/Dec/2017:03:50:19 +0000] "GET /v1/api/users/search/?name=davis&limit= HTTP/1.1" 200 1533
::1 - - [02/Dec/2017:03:50:26 +0000] "GET /v1/api/users/search/?name=davis&limit=1 HTTP/1.1" 200 508
::1 - - [02/Dec/2017:03:50:31 +0000] "GET /v1/api/users/search/?name=davis&limit=2 HTTP/1.1" 200 1021
::1 - - [02/Dec/2017:03:50:44 +0000] "GET /v1/api/users/search/?name=davis&limit=2&page=2 HTTP/1.1" 200 513
::1 - - [02/Dec/2017:03:50:47 +0000] "GET /v1/api/users/search/?name=davis&limit=2&page=1 HTTP/1.1" 200 1021
::1 - - [02/Dec/2017:03:58:14 +0000] "GET /v1/api/users/search/?name=micha&limit=2&page=1 HTTP/1.1" 200 2
::1 - - [02/Dec/2017:03:58:29 +0000] "GET /v1/api/users/search/?name=michael HTTP/1.1" 200 2
::1 - - [02/Dec/2017:04:05:03 +0000] "GET /v1/api/users/search/?name=michael HTTP/1.1" 200 508
::1 - - [02/Dec/2017:04:05:11 +0000] "GET /v1/api/users/search/?name=davis HTTP/1.1" 200 1533
::1 - - [02/Dec/2017:04:05:22 +0000] "GET /v1/api/users/search/?name=davis HTTP/1.1" 200 1533
::1 - - [02/Dec/2017:04:07:58 +0000] "GET /v1/api/users/search/?name=davis HTTP/1.1" 200 1
::1 - - [02/Dec/2017:04:08:11 +0000] "GET /v1/api/users/search/?name=davis HTTP/1.1" 200 1
::1 - - [02/Dec/2017:04:17:47 +0000] "GET /v1/api/users/search/?name=davis HTTP/1.1" 200 1533
::1 - - [02/Dec/2017:04:18:01 +0000] "GET /v1/api/users HTTP/1.1" 200 1221
::1 - - [02/Dec/2017:04:19:04 +0000] "GET /v1/api/users&limit=2&page=1 HTTP/1.1" 404 38
::1 - - [02/Dec/2017:04:19:14 +0000] "GET /v1/api/users?limit=2&page=1 HTTP/1.1" 200 610
::1 - - [02/Dec/2017:04:19:20 +0000] "GET /v1/api/users?limit=2&page=2 HTTP/1.1" 200 612
::1 - - [02/Dec/2017:04:26:31 +0000] "GET /v1/api/users/search/?name=michael+davis HTTP/1.1" 200 2
::1 - - [02/Dec/2017:04:26:38 +0000] "GET /v1/api/users/search/?name=michaeldavis HTTP/1.1" 200 2
::1 - - [02/Dec/2017:04:26:52 +0000] "GET /v1/api/users/search/?name=michael HTTP/1.1" 200 508
::1 - - [02/Dec/2017:04:26:55 +0000] "GET /v1/api/users/search/?name=michael%20d HTTP/1.1" 200 2
::1 - - [02/Dec/2017:04:28:19 +0000] "GET /v1/api/users/search/?name=michael%20davis HTTP/1.1" 200 2
::1 - - [02/Dec/2017:04:28:41 +0000] "GET /v1/api/users/search/?name=michael%20davis HTTP/1.1" 200 2
::1 - - [02/Dec/2017:04:29:35 +0000] "GET /v1/api/users/search/?name=michael+davis HTTP/1.1" 200 2
::1 - - [02/Dec/2017:04:29:46 +0000] "GET /v1/api/users/search/?name=a HTTP/1.1" 200 2049
::1 - - [02/Dec/2017:04:29:59 +0000] "GET /v1/api/users/search/?name=michael+davis HTTP/1.1" 200 2
::1 - - [02/Dec/2017:04:35:07 +0000] "GET /v1/api/users/search/?name=michael+davis HTTP/1.1" 200 2
::1 - - [02/Dec/2017:04:35:09 +0000] "GET /v1/api/users/search/?name=michael+davis HTTP/1.1" 200 2
::1 - - [02/Dec/2017:04:35:21 +0000] "GET /v1/api/users/search/?name=michavis HTTP/1.1" 200 2
::1 - - [02/Dec/2017:04:35:27 +0000] "GET /v1/api/users/search/?name=avis HTTP/1.1" 200 1533
::1 - - [02/Dec/2017:04:35:34 +0000] "GET /v1/api/users/search/?name=vis HTTP/1.1" 200 1533
